# JRE version: Java(TM) SE Runtime Environment (8.0_11-b12) (build 1.8.0_11-b12)
# Java VM: Java HotSpot(TM) 64-Bit Server VM (25.11-b03 mixed mode bsd-amd64 compressed oops)
Heap:
 PSYoungGen      total 9728K, used 8138K [0x0000000795580000, 0x0000000796080000, 0x00000007c0000000)
  eden space 8192K, 84% used [0x0000000795580000,0x0000000795c3aa20,0x0000000795d80000)
  from space 1536K, 81% used [0x0000000795f00000,0x0000000796038010,0x0000000796080000)
  to   space 1536K, 0% used [0x0000000795d80000,0x0000000795d80000,0x0000000795f00000)
 ParOldGen       total 129536K, used 1415K [0x0000000740000000, 0x0000000747e80000, 0x0000000795580000)
  object space 129536K, 1% used [0x0000000740000000,0x0000000740161c88,0x0000000747e80000)
 Metaspace       used 10834K, capacity 11312K, committed 11648K, reserved 1058816K
  class space    used 1506K, capacity 1560K, committed 1664K, reserved 1048576K
GC Heap History (10 events):
Event: 0.255 GC heap before
{Heap before GC invocations=4 (full 0):
 PSYoungGen      total 1536K, used 1520K [0x0000000795580000, 0x0000000795880000, 0x00000007c0000000)
  eden space 1024K, 100% used [0x0000000795580000,0x0000000795680000,0x0000000795680000)
  from space 512K, 96% used [0x0000000795680000,0x00000007956fc010,0x0000000795700000)
  to   space 512K, 0% used [0x0000000795800000,0x0000000795800000,0x0000000795880000)
 ParOldGen       total 129536K, used 183K [0x0000000740000000, 0x0000000747e80000, 0x0000000795580000)
  object space 129536K, 0% used [0x0000000740000000,0x000000074002dc28,0x0000000747e80000)
 Metaspace       used 4142K, capacity 5466K, committed 5760K, reserved 1056768K
  class space    used 453K, capacity 522K, committed 640K, reserved 1048576K
Event: 0.256 GC heap after
Heap after GC invocations=4 (full 0):
 PSYoungGen      total 2560K, used 496K [0x0000000795580000, 0x0000000795880000, 0x00000007c0000000)
  eden space 2048K, 0% used [0x0000000795580000,0x0000000795580000,0x0000000795780000)
  from space 512K, 96% used [0x0000000795800000,0x000000079587c010,0x0000000795880000)
  to   space 512K, 0% used [0x0000000795780000,0x0000000795780000,0x0000000795800000)
 ParOldGen       total 129536K, used 247K [0x0000000740000000, 0x0000000747e80000, 0x0000000795580000)
  object space 129536K, 0% used [0x0000000740000000,0x000000074003dc28,0x0000000747e80000)
 Metaspace       used 4142K, capacity 5466K, committed 5760K, reserved 1056768K
  class space    used 453K, capacity 522K, committed 640K, reserved 1048576K
}
Event: 0.411 GC heap before
{Heap before GC invocations=5 (full 0):
 PSYoungGen      total 2560K, used 2529K [0x0000000795580000, 0x0000000795880000, 0x00000007c0000000)
  eden space 2048K, 99% used [0x0000000795580000,0x000000079577c470,0x0000000795780000)
  from space 512K, 96% used [0x0000000795800000,0x000000079587c010,0x0000000795880000)
  to   space 512K, 0% used [0x0000000795780000,0x0000000795780000,0x0000000795800000)
 ParOldGen       total 129536K, used 247K [0x0000000740000000, 0x0000000747e80000, 0x0000000795580000)
  object space 129536K, 0% used [0x0000000740000000,0x000000074003dc28,0x0000000747e80000)
 Metaspace       used 4933K, capacity 6170K, committed 6272K, reserved 1056768K
  class space    used 528K, capacity 586K, committed 640K, reserved 1048576K
Event: 0.412 GC heap after
Heap after GC invocations=5 (full 0):
 PSYoungGen      total 2560K, used 480K [0x0000000795580000, 0x0000000795b80000, 0x00000007c0000000)
  eden space 2048K, 0% used [0x0000000795580000,0x0000000795580000,0x0000000795780000)
  from space 512K, 93% used [0x0000000795780000,0x00000007957f8010,0x0000000795800000)
  to   space 1024K, 0% used [0x0000000795a80000,0x0000000795a80000,0x0000000795b80000)
 ParOldGen       total 129536K, used 855K [0x0000000740000000, 0x0000000747e80000, 0x0000000795580000)
  object space 129536K, 0% used [0x0000000740000000,0x00000007400d5c38,0x0000000747e80000)
 Metaspace       used 4933K, capacity 6170K, committed 6272K, reserved 1056768K
  class space    used 528K, capacity 586K, committed 640K, reserved 1048576K
}
Event: 0.498 GC heap before
{Heap before GC invocations=6 (full 0):
 PSYoungGen      total 2560K, used 2528K [0x0000000795580000, 0x0000000795b80000, 0x00000007c0000000)
  eden space 2048K, 100% used [0x0000000795580000,0x0000000795780000,0x0000000795780000)
  from space 512K, 93% used [0x0000000795780000,0x00000007957f8010,0x0000000795800000)
  to   space 1024K, 0% used [0x0000000795a80000,0x0000000795a80000,0x0000000795b80000)
 ParOldGen       total 129536K, used 855K [0x0000000740000000, 0x0000000747e80000, 0x0000000795580000)
  object space 129536K, 0% used [0x0000000740000000,0x00000007400d5c38,0x0000000747e80000)
 Metaspace       used 5899K, capacity 7070K, committed 7296K, reserved 1056768K
  class space    used 726K, capacity 778K, committed 896K, reserved 1048576K
Event: 0.502 GC heap after
Heap after GC invocations=6 (full 0):
 PSYoungGen      total 5120K, used 672K [0x0000000795580000, 0x0000000795b80000, 0x00000007c0000000)
  eden space 4096K, 0% used [0x0000000795580000,0x0000000795580000,0x0000000795980000)
  from space 1024K, 65% used [0x0000000795a80000,0x0000000795b28030,0x0000000795b80000)
  to   space 1024K, 0% used [0x0000000795980000,0x0000000795980000,0x0000000795a80000)
 ParOldGen       total 129536K, used 863K [0x0000000740000000, 0x0000000747e80000, 0x0000000795580000)
  object space 129536K, 0% used [0x0000000740000000,0x00000007400d7c38,0x0000000747e80000)
 Metaspace       used 5899K, capacity 7070K, committed 7296K, reserved 1056768K
  class space    used 726K, capacity 778K, committed 896K, reserved 1048576K
}
Event: 0.764 GC heap before
{Heap before GC invocations=7 (full 0):
 PSYoungGen      total 5120K, used 4768K [0x0000000795580000, 0x0000000795b80000, 0x00000007c0000000)
  eden space 4096K, 100% used [0x0000000795580000,0x0000000795980000,0x0000000795980000)
  from space 1024K, 65% used [0x0000000795a80000,0x0000000795b28030,0x0000000795b80000)
  to   space 1024K, 0% used [0x0000000795980000,0x0000000795980000,0x0000000795a80000)
 ParOldGen       total 129536K, used 863K [0x0000000740000000, 0x0000000747e80000, 0x0000000795580000)
  object space 129536K, 0% used [0x0000000740000000,0x00000007400d7c38,0x0000000747e80000)
 Metaspace       used 7204K, capacity 8296K, committed 8448K, reserved 1056768K
  class space    used 927K, capacity 976K, committed 1024K, reserved 1048576K
Event: 0.771 GC heap after
Heap after GC invocations=7 (full 0):
 PSYoungGen      total 5120K, used 992K [0x0000000795580000, 0x0000000796080000, 0x00000007c0000000)
  eden space 4096K, 0% used [0x0000000795580000,0x0000000795580000,0x0000000795980000)
  from space 1024K, 96% used [0x0000000795980000,0x0000000795a78010,0x0000000795a80000)
  to   space 1536K, 0% used [0x0000000795f00000,0x0000000795f00000,0x0000000796080000)
 ParOldGen       total 129536K, used 1335K [0x0000000740000000, 0x0000000747e80000, 0x0000000795580000)
  object space 129536K, 1% used [0x0000000740000000,0x000000074014dc88,0x0000000747e80000)
 Metaspace       used 7204K, capacity 8296K, committed 8448K, reserved 1056768K
  class space    used 927K, capacity 976K, committed 1024K, reserved 1048576K
}
Event: 1.026 GC heap before
{Heap before GC invocations=8 (full 0):
 PSYoungGen      total 5120K, used 5088K [0x0000000795580000, 0x0000000796080000, 0x00000007c0000000)
  eden space 4096K, 100% used [0x0000000795580000,0x0000000795980000,0x0000000795980000)
  from space 1024K, 96% used [0x0000000795980000,0x0000000795a78010,0x0000000795a80000)
  to   space 1536K, 0% used [0x0000000795f00000,0x0000000795f00000,0x0000000796080000)
 ParOldGen       total 129536K, used 1335K [0x0000000740000000, 0x0000000747e80000, 0x0000000795580000)
  object space 129536K, 1% used [0x0000000740000000,0x000000074014dc88,0x0000000747e80000)
 Metaspace       used 9028K, capacity 9904K, committed 10112K, reserved 1058816K
  class space    used 1237K, capacity 1304K, committed 1408K, reserved 1048576K
Event: 1.030 GC heap after
Heap after GC invocations=8 (full 0):
 PSYoungGen      total 9728K, used 1248K [0x0000000795580000, 0x0000000796080000, 0x00000007c0000000)
  eden space 8192K, 0% used [0x0000000795580000,0x0000000795580000,0x0000000795d80000)
  from space 1536K, 81% used [0x0000000795f00000,0x0000000796038010,0x0000000796080000)
  to   space 1536K, 0% used [0x0000000795d80000,0x0000000795d80000,0x0000000795f00000)
 ParOldGen       total 129536K, used 1415K [0x0000000740000000, 0x0000000747e80000, 0x0000000795580000)
  object space 129536K, 1% used [0x0000000740000000,0x0000000740161c88,0x0000000747e80000)
 Metaspace       used 9028K, capacity 9904K, committed 10112K, reserved 1058816K
  class space    used 1237K, capacity 1304K, committed 1408K, reserved 1048576K
}

